<?xml version="1.0" encoding="UTF-8"?>
<!-- Generated by org.testng.reporters.JUnitReportReporter -->
<testsuite hostname="DESKTOP-OBB8F9P" failures="0" tests="3" name="Test2Latest.headerTest" time="4.808" errors="0" timestamp="2022-02-22T10:38:04 IST" skipped="2">
  <testcase classname="Test2Latest.headerTest" name="extraxtValueEachNote" time="4.808"/>
  <system-out/>
  <testcase classname="Test2Latest.headerTest" name="getheaders">
    <skipped/>
  </testcase> <!-- getheaders -->
  <system-out/>
  <testcase classname="Test2Latest.headerTest" name="jsonResponseValidate">
    <skipped/>
  </testcase> <!-- jsonResponseValidate -->
  <system-out/>
</testsuite> <!-- Test2Latest.headerTest -->
