<?xml version="1.0" encoding="UTF-8"?>
<!-- Generated by org.testng.reporters.JUnitReportReporter -->
<testsuite hostname="DESKTOP-OBB8F9P" failures="0" tests="1" name="sdetPvn2.headersDemo" time="4.464" errors="0" timestamp="2023-01-13T16:09:40 IST" skipped="0">
  <testcase classname="sdetPvn2.headersDemo" name="testAllHeaders" time="4.464"/>
  <system-out/>
</testsuite> <!-- sdetPvn2.headersDemo -->
