<?xml version="1.0" encoding="UTF-8"?>
<!-- Generated by org.testng.reporters.JUnitReportReporter -->
<testsuite hostname="DESKTOP-OBB8F9P" failures="0" tests="3" name="sdetPvn4.xmlParse" time="17.757" errors="0" timestamp="2023-01-21T11:30:47 IST" skipped="0">
  <testcase classname="sdetPvn4.xmlParse" name="testxmlResponseBody" time="16.597"/>
  <system-out/>
  <testcase classname="sdetPvn4.xmlParse" name="xmlparsetest1" time="0.796"/>
  <system-out/>
  <testcase classname="sdetPvn4.xmlParse" name="xmlparsetest2" time="0.364"/>
  <system-out/>
</testsuite> <!-- sdetPvn4.xmlParse -->
