<?xml version="1.0" encoding="UTF-8"?>
<!-- Generated by org.testng.reporters.JUnitReportReporter -->
<testsuite hostname="DESKTOP-OBB8F9P" failures="0" tests="1" name="sdetPvn2.pathAndQueryParameter" time="6.366" errors="0" timestamp="2023-01-13T15:19:26 IST" skipped="0">
  <testcase classname="sdetPvn2.pathAndQueryParameter" name="testpathnQueryparam" time="6.366"/>
  <system-out/>
</testsuite> <!-- sdetPvn2.pathAndQueryParameter -->
