<?xml version="1.0" encoding="UTF-8"?>
<!-- Generated by org.testng.reporters.JUnitReportReporter -->
<testsuite hostname="DESKTOP-OBB8F9P" failures="0" tests="2" name="nov_2022.serilaizeSource" time="3.032" errors="0" timestamp="2022-11-05T20:29:09 IST" skipped="1">
  <testcase classname="nov_2022.serilaizeSource" name="DeserilaizeDemo" time="3.032"/>
  <system-out/>
  <testcase classname="nov_2022.serilaizeSource" name="serilaizeDemo">
    <skipped/>
  </testcase> <!-- serilaizeDemo -->
  <system-out/>
</testsuite> <!-- nov_2022.serilaizeSource -->
