<?xml version="1.0" encoding="UTF-8"?>
<!-- Generated by org.testng.reporters.JUnitReportReporter -->
<testsuite hostname="DESKTOP-OBB8F9P" failures="0" tests="2" name="tests.put_deleteAPI" time="3.199" errors="0" timestamp="2021-08-23T14:56:13 IST" skipped="1">
  <testcase classname="tests.put_deleteAPI" name="delete" time="3.199"/>
  <system-out/>
  <testcase classname="tests.put_deleteAPI" name="post2">
    <skipped/>
  </testcase> <!-- post2 -->
  <system-out/>
</testsuite> <!-- tests.put_deleteAPI -->
