<?xml version="1.0" encoding="UTF-8"?>
<!-- Generated by org.testng.reporters.JUnitReportReporter -->
<testsuite hostname="DESKTOP-OBB8F9P" failures="0" tests="2" name="Test2Latest.getTc_3" time="4.598" errors="0" timestamp="2022-10-20T12:48:36 IST" skipped="0">
  <testcase classname="Test2Latest.getTc_3" name="sampleMethod" time="0.658"/>
  <system-out/>
  <testcase classname="Test2Latest.getTc_3" name="getspecificDetail" time="3.940"/>
  <system-out/>
</testsuite> <!-- Test2Latest.getTc_3 -->
