<?xml version="1.0" encoding="UTF-8"?>
<!-- Generated by org.testng.reporters.JUnitReportReporter -->
<testsuite hostname="DESKTOP-OBB8F9P" failures="0" tests="1" name="Test2Latest.postTc_2" time="4.843" errors="0" timestamp="2022-03-14T11:46:20 IST" skipped="0">
  <testcase classname="Test2Latest.postTc_2" name="registration" time="4.843"/>
  <system-out/>
</testsuite> <!-- Test2Latest.postTc_2 -->
