<?xml version="1.0" encoding="UTF-8"?>
<!-- Generated by org.testng.reporters.JUnitReportReporter -->
<testsuite hostname="DESKTOP-OBB8F9P" failures="0" tests="1" name="Test2Latest.GetTest_1" time="3.617" errors="0" timestamp="2022-07-14T16:51:35 IST" skipped="0">
  <testcase classname="Test2Latest.GetTest_1" name="getnames" time="3.617"/>
  <system-out/>
</testsuite> <!-- Test2Latest.GetTest_1 -->
