<?xml version="1.0" encoding="UTF-8"?>
<!-- Generated by org.testng.reporters.JUnitReportReporter -->
<testsuite hostname="DESKTOP-OBB8F9P" failures="0" tests="3" name="tests.getAndPost" time="4.938" errors="0" timestamp="2021-08-20T10:59:40 IST" skipped="0">
  <testcase classname="tests.getAndPost" name="get" time="3.863"/>
  <system-out/>
  <testcase classname="tests.getAndPost" name="post" time="0.006"/>
  <system-out/>
  <testcase classname="tests.getAndPost" name="post2" time="1.069"/>
  <system-out/>
</testsuite> <!-- tests.getAndPost -->
