<?xml version="1.0" encoding="UTF-8"?>
<!-- Generated by org.testng.reporters.JUnitReportReporter -->
<testsuite hostname="DESKTOP-OBB8F9P" failures="0" tests="1" name="sdetPvn2.testCookie" time="4.164" errors="0" timestamp="2023-01-13T15:53:33 IST" skipped="0">
  <testcase classname="sdetPvn2.testCookie" name="test2" time="4.164"/>
  <system-out/>
</testsuite> <!-- sdetPvn2.testCookie -->
